2024-05-12 15:37:15,779 [main] INFO  api.test.UserTests - ********Creating an user********
2024-05-12 15:37:19,501 [main] INFO  api.test.UserTests - ********Created an user********
2024-05-12 15:37:19,531 [main] INFO  api.test.UserTests - ********Getting an user********
2024-05-12 15:37:20,854 [main] INFO  api.test.UserTests - ********User retrieved********
2024-05-12 15:37:20,860 [main] INFO  api.test.UserTests - ********updating an user********
2024-05-12 15:37:22,296 [main] INFO  api.test.UserTests - ********user is updated********
2024-05-12 15:37:23,523 [main] INFO  api.test.UserTests - ********Verifying updated  user********
2024-05-12 15:37:23,536 [main] INFO  api.test.UserTests - ********Before delete an user********
2024-05-12 15:37:25,040 [main] INFO  api.test.UserTests - ********After delete the user********
2024-05-13 07:24:07,005 [main] INFO  api.test.UserTests - ********Creating an user********
2024-05-13 07:24:10,242 [main] INFO  api.test.UserTests - ********Created an user********
2024-05-13 07:24:10,262 [main] INFO  api.test.UserTests - ********Getting an user********
2024-05-13 07:24:11,545 [main] INFO  api.test.UserTests - ********User retrieved********
2024-05-13 07:24:11,548 [main] INFO  api.test.UserTests - ********updating an user********
2024-05-13 07:24:12,794 [main] INFO  api.test.UserTests - ********user is updated********
2024-05-13 07:24:14,032 [main] INFO  api.test.UserTests - ********Verifying updated  user********
2024-05-13 07:24:14,035 [main] INFO  api.test.UserTests - ********Before delete an user********
2024-05-13 07:24:15,181 [main] INFO  api.test.UserTests - ********After delete the user********
2024-05-13 07:28:58,410 [main] INFO  api.test.UserTests - ********Creating an user********
2024-05-13 07:29:01,597 [main] INFO  api.test.UserTests - ********Created an user********
2024-05-13 07:29:01,616 [main] INFO  api.test.UserTests - ********Getting an user********
2024-05-13 07:29:02,805 [main] INFO  api.test.UserTests - ********User retrieved********
2024-05-13 07:29:02,809 [main] INFO  api.test.UserTests - ********updating an user********
2024-05-13 07:29:03,967 [main] INFO  api.test.UserTests - ********user is updated********
2024-05-13 07:29:05,175 [main] INFO  api.test.UserTests - ********Verifying updated  user********
2024-05-13 07:29:05,179 [main] INFO  api.test.UserTests - ********Before delete an user********
2024-05-13 07:29:06,335 [main] INFO  api.test.UserTests - ********After delete the user********
2024-05-13 07:29:06,379 [main] INFO  api.test.UserTests2 - ********Creating an user********
2024-05-13 07:29:07,574 [main] INFO  api.test.UserTests2 - ********Created an user********
2024-05-13 07:29:07,577 [main] INFO  api.test.UserTests2 - ********Getting an user********
2024-05-13 07:29:08,748 [main] INFO  api.test.UserTests2 - ********User retrieved********
2024-05-13 07:29:08,752 [main] INFO  api.test.UserTests2 - ********updating an user********
2024-05-13 07:29:09,976 [main] INFO  api.test.UserTests2 - ********user is updated********
2024-05-13 07:29:11,151 [main] INFO  api.test.UserTests2 - ********Verifying updated  user********
2024-05-13 07:29:11,154 [main] INFO  api.test.UserTests2 - ********Before delete an user********
2024-05-13 07:29:12,372 [main] INFO  api.test.UserTests2 - ********After delete the user********
2024-05-13 07:48:24,267 [main] INFO  api.test.UserTests - ********Creating an user********
2024-05-13 07:48:25,485 [main] INFO  api.test.UserTests - ********Created an user********
2024-05-13 07:48:25,487 [main] INFO  api.test.UserTests - ********Getting an user********
2024-05-13 07:48:26,714 [main] INFO  api.test.UserTests - ********User retrieved********
2024-05-13 07:48:26,717 [main] INFO  api.test.UserTests - ********updating an user********
2024-05-13 07:48:27,898 [main] INFO  api.test.UserTests - ********user is updated********
2024-05-13 07:48:29,099 [main] INFO  api.test.UserTests - ********Verifying updated  user********
2024-05-13 07:48:29,103 [main] INFO  api.test.UserTests - ********Before delete an user********
2024-05-13 07:48:30,290 [main] INFO  api.test.UserTests - ********After delete the user********
2024-05-13 07:56:41,164 [main] INFO  api.test.UserTests - ********Creating an user********
2024-05-13 07:56:42,385 [main] INFO  api.test.UserTests - ********Created an user********
2024-05-13 07:56:42,388 [main] INFO  api.test.UserTests - ********Getting an user********
2024-05-13 07:56:43,600 [main] INFO  api.test.UserTests - ********User retrieved********
2024-05-13 07:56:43,603 [main] INFO  api.test.UserTests - ********updating an user********
2024-05-13 07:56:44,779 [main] INFO  api.test.UserTests - ********user is updated********
2024-05-13 07:56:45,954 [main] INFO  api.test.UserTests - ********Verifying updated  user********
2024-05-13 07:56:45,958 [main] INFO  api.test.UserTests - ********Before delete an user********
2024-05-13 07:56:47,143 [main] INFO  api.test.UserTests - ********After delete the user********
2024-05-13 07:59:45,657 [main] INFO  api.test.UserTests - ********Creating an user********
2024-05-13 07:59:48,755 [main] INFO  api.test.UserTests - ********Created an user********
2024-05-13 07:59:48,791 [main] INFO  api.test.UserTests - ********Getting an user********
2024-05-13 07:59:50,049 [main] INFO  api.test.UserTests - ********User retrieved********
2024-05-13 07:59:50,052 [main] INFO  api.test.UserTests - ********updating an user********
2024-05-13 07:59:51,238 [main] INFO  api.test.UserTests - ********user is updated********
2024-05-13 07:59:52,424 [main] INFO  api.test.UserTests - ********Verifying updated  user********
2024-05-13 07:59:52,427 [main] INFO  api.test.UserTests - ********Before delete an user********
2024-05-13 07:59:53,625 [main] INFO  api.test.UserTests - ********After delete the user********
2024-05-13 07:59:53,725 [main] INFO  api.test.UserTests2 - ********Creating an user********
2024-05-13 07:59:54,982 [main] INFO  api.test.UserTests2 - ********Created an user********
2024-05-13 07:59:54,986 [main] INFO  api.test.UserTests2 - ********Getting an user********
2024-05-13 07:59:56,193 [main] INFO  api.test.UserTests2 - ********User retrieved********
2024-05-13 07:59:56,196 [main] INFO  api.test.UserTests2 - ********updating an user********
2024-05-13 07:59:57,445 [main] INFO  api.test.UserTests2 - ********user is updated********
2024-05-13 07:59:58,633 [main] INFO  api.test.UserTests2 - ********Verifying updated  user********
2024-05-13 07:59:58,637 [main] INFO  api.test.UserTests2 - ********Before delete an user********
2024-05-13 07:59:59,826 [main] INFO  api.test.UserTests2 - ********After delete the user********
2024-05-13 08:14:39,171 [main] INFO  api.test.UserTests - ********Creating an user********
2024-05-13 08:14:43,354 [main] INFO  api.test.UserTests - ********Created an user********
2024-05-13 08:14:43,379 [main] INFO  api.test.UserTests - ********Getting an user********
2024-05-13 08:14:44,692 [main] INFO  api.test.UserTests - ********User retrieved********
2024-05-13 08:14:44,697 [main] INFO  api.test.UserTests - ********updating an user********
2024-05-13 08:14:45,895 [main] INFO  api.test.UserTests - ********user is updated********
2024-05-13 08:14:47,072 [main] INFO  api.test.UserTests - ********Verifying updated  user********
2024-05-13 08:14:47,075 [main] INFO  api.test.UserTests - ********Before delete an user********
2024-05-13 08:14:48,256 [main] INFO  api.test.UserTests - ********After delete the user********
2024-05-13 08:14:48,346 [main] INFO  api.test.UserTests2 - ********Creating an user********
2024-05-13 08:14:49,659 [main] INFO  api.test.UserTests2 - ********Created an user********
2024-05-13 08:14:49,662 [main] INFO  api.test.UserTests2 - ********Getting an user********
2024-05-13 08:14:50,838 [main] INFO  api.test.UserTests2 - ********User retrieved********
2024-05-13 08:14:50,841 [main] INFO  api.test.UserTests2 - ********updating an user********
2024-05-13 08:14:52,004 [main] INFO  api.test.UserTests2 - ********user is updated********
2024-05-13 08:14:53,231 [main] INFO  api.test.UserTests2 - ********Verifying updated  user********
2024-05-13 08:14:53,234 [main] INFO  api.test.UserTests2 - ********Before delete an user********
2024-05-13 08:14:54,409 [main] INFO  api.test.UserTests2 - ********After delete the user********
2024-05-13 08:15:38,056 [main] INFO  api.test.UserTests - ********Creating an user********
2024-05-13 08:15:41,424 [main] INFO  api.test.UserTests - ********Created an user********
2024-05-13 08:15:41,446 [main] INFO  api.test.UserTests - ********Getting an user********
2024-05-13 08:15:42,722 [main] INFO  api.test.UserTests - ********User retrieved********
2024-05-13 08:15:42,726 [main] INFO  api.test.UserTests - ********updating an user********
2024-05-13 08:15:44,022 [main] INFO  api.test.UserTests - ********user is updated********
2024-05-13 08:15:45,222 [main] INFO  api.test.UserTests - ********Verifying updated  user********
2024-05-13 08:15:45,226 [main] INFO  api.test.UserTests - ********Before delete an user********
2024-05-13 08:15:46,410 [main] INFO  api.test.UserTests - ********After delete the user********
2024-05-13 08:15:46,497 [main] INFO  api.test.UserTests2 - ********Creating an user********
2024-05-13 08:15:47,741 [main] INFO  api.test.UserTests2 - ********Created an user********
2024-05-13 08:15:47,744 [main] INFO  api.test.UserTests2 - ********Getting an user********
2024-05-13 08:15:48,968 [main] INFO  api.test.UserTests2 - ********User retrieved********
2024-05-13 08:15:48,972 [main] INFO  api.test.UserTests2 - ********updating an user********
2024-05-13 08:15:50,251 [main] INFO  api.test.UserTests2 - ********user is updated********
2024-05-13 08:15:51,456 [main] INFO  api.test.UserTests2 - ********Verifying updated  user********
2024-05-13 08:15:51,458 [main] INFO  api.test.UserTests2 - ********Before delete an user********
2024-05-13 08:15:52,668 [main] INFO  api.test.UserTests2 - ********After delete the user********
2024-05-13 08:17:36,283 [main] INFO  api.test.UserTests - ********Creating an user********
2024-05-13 08:17:39,524 [main] INFO  api.test.UserTests - ********Created an user********
2024-05-13 08:17:39,551 [main] INFO  api.test.UserTests - ********Getting an user********
2024-05-13 08:17:40,876 [main] INFO  api.test.UserTests - ********User retrieved********
2024-05-13 08:17:40,880 [main] INFO  api.test.UserTests - ********updating an user********
2024-05-13 08:17:42,125 [main] INFO  api.test.UserTests - ********user is updated********
2024-05-13 08:17:43,294 [main] INFO  api.test.UserTests - ********Verifying updated  user********
2024-05-13 08:17:43,299 [main] INFO  api.test.UserTests - ********Before delete an user********
2024-05-13 08:17:44,528 [main] INFO  api.test.UserTests - ********After delete the user********
2024-05-13 08:17:44,612 [main] INFO  api.test.UserTests2 - ********Creating an user********
2024-05-13 08:17:45,777 [main] INFO  api.test.UserTests2 - ********Created an user********
2024-05-13 08:17:45,781 [main] INFO  api.test.UserTests2 - ********Getting an user********
2024-05-13 08:17:46,985 [main] INFO  api.test.UserTests2 - ********User retrieved********
2024-05-13 08:17:46,989 [main] INFO  api.test.UserTests2 - ********updating an user********
2024-05-13 08:17:48,167 [main] INFO  api.test.UserTests2 - ********user is updated********
2024-05-13 08:17:49,390 [main] INFO  api.test.UserTests2 - ********Verifying updated  user********
2024-05-13 08:17:49,393 [main] INFO  api.test.UserTests2 - ********Before delete an user********
2024-05-13 08:17:50,587 [main] INFO  api.test.UserTests2 - ********After delete the user********
2024-05-13 08:23:35,676 [main] INFO  api.test.UserTests - ********Creating an user********
2024-05-13 08:23:38,925 [main] INFO  api.test.UserTests - ********Created an user********
2024-05-13 08:23:38,939 [main] INFO  api.test.UserTests - ********Getting an user********
2024-05-13 08:23:40,138 [main] INFO  api.test.UserTests - ********User retrieved********
2024-05-13 08:23:40,142 [main] INFO  api.test.UserTests - ********updating an user********
2024-05-13 08:23:41,416 [main] INFO  api.test.UserTests - ********user is updated********
2024-05-13 08:23:42,608 [main] INFO  api.test.UserTests - ********Verifying updated  user********
2024-05-13 08:23:42,612 [main] INFO  api.test.UserTests - ********Before delete an user********
2024-05-13 08:23:43,792 [main] INFO  api.test.UserTests - ********After delete the user********
2024-05-13 08:23:43,856 [main] INFO  api.test.UserTests2 - ********Creating an user********
2024-05-13 08:23:45,099 [main] INFO  api.test.UserTests2 - ********Created an user********
2024-05-13 08:23:45,103 [main] INFO  api.test.UserTests2 - ********Getting an user********
2024-05-13 08:23:46,306 [main] INFO  api.test.UserTests2 - ********User retrieved********
2024-05-13 08:23:46,311 [main] INFO  api.test.UserTests2 - ********updating an user********
2024-05-13 08:23:47,501 [main] INFO  api.test.UserTests2 - ********user is updated********
2024-05-13 08:23:48,671 [main] INFO  api.test.UserTests2 - ********Verifying updated  user********
2024-05-13 08:23:48,674 [main] INFO  api.test.UserTests2 - ********Before delete an user********
2024-05-13 08:23:49,929 [main] INFO  api.test.UserTests2 - ********After delete the user********
